INFO:root:All Data Loaded
INFO:root:============================================================
INFO:root:Grid Search SVM on ALL DATA with n1 features
INFO:root:-------- SVM via svm.svc no params  ------------
INFO:root:--------PERFORMANCE ON TRAINING DATA------------
INFO:root:             precision    recall  f1-score   support

      False       0.87      0.81      0.84      7590
       True       0.82      0.88      0.85      7590

avg / total       0.85      0.84      0.84     15180

INFO:root:----------PERFORMANCE ON TEST DATA--------------
INFO:root:             precision    recall  f1-score   support

      False       0.29      0.77      0.42      1706
       True       0.92      0.58      0.71      7582

avg / total       0.80      0.61      0.65      9288

INFO:root:============================================================
INFO:root:Grid Search SVM on ALL DATA with n2 features
INFO:root:-------- SVM via svm.svc no params  ------------
INFO:root:--------PERFORMANCE ON TRAINING DATA------------
INFO:root:             precision    recall  f1-score   support

      False       0.98      0.92      0.95      7590
       True       0.93      0.98      0.95      7590

avg / total       0.95      0.95      0.95     15180

INFO:root:----------PERFORMANCE ON TEST DATA--------------
INFO:root:             precision    recall  f1-score   support

      False       0.30      0.79      0.43      1706
       True       0.92      0.58      0.71      7582

avg / total       0.81      0.62      0.66      9288

INFO:root:============================================================
INFO:root:Grid Search SVM on ALL DATA with all features
INFO:root:-------- SVM via svm.svc no params  ------------
INFO:root:--------PERFORMANCE ON TRAINING DATA------------
INFO:root:             precision    recall  f1-score   support

      False       0.98      0.92      0.95      7590
       True       0.93      0.98      0.95      7590

avg / total       0.95      0.95      0.95     15180

INFO:root:----------PERFORMANCE ON TEST DATA--------------
INFO:root:             precision    recall  f1-score   support

      False       0.30      0.79      0.43      1706
       True       0.93      0.58      0.71      7582

avg / total       0.81      0.62      0.66      9288

INFO:root:============================================================
INFO:root:Grid Search SVM on ALL DATA with strong features
INFO:root:-------- SVM via svm.svc no params  ------------
INFO:root:--------PERFORMANCE ON TRAINING DATA------------
INFO:root:             precision    recall  f1-score   support

      False       0.91      0.64      0.75      7590
       True       0.72      0.94      0.82      7590

avg / total       0.82      0.79      0.78     15180

INFO:root:----------PERFORMANCE ON TEST DATA--------------
INFO:root:             precision    recall  f1-score   support

      False       0.33      0.66      0.44      1706
       True       0.90      0.70      0.79      7582

avg / total       0.80      0.69      0.72      9288

INFO:root:============================================================
INFO:root:Grid Search SVM on ALL DATA with weak features
INFO:root:-------- SVM via svm.svc no params  ------------
INFO:root:--------PERFORMANCE ON TRAINING DATA------------
INFO:root:             precision    recall  f1-score   support

      False       0.92      0.67      0.78      7590
       True       0.74      0.94      0.83      7590

avg / total       0.83      0.81      0.80     15180

INFO:root:----------PERFORMANCE ON TEST DATA--------------
INFO:root:             precision    recall  f1-score   support

      False       0.33      0.67      0.44      1706
       True       0.90      0.69      0.79      7582

avg / total       0.80      0.69      0.72      9288

