INFO:root:Loading Data for PorterStemmer, TfidfVectorizer:
INFO:root:Building Model for both 
INFO:root:Data Split, Starting Model Build for PorterStemmer, TfidfVectorizer with length 15180 at: 
INFO:root:-------- SVM via svm.svc no params  ------------
INFO:root:--------PERFORMANCE ON TRAINING DATA------------
INFO:root:             precision    recall  f1-score   support

      False       0.56      0.98      0.72      7590
       True       0.93      0.24      0.38      7590

avg / total       0.75      0.61      0.55     15180

INFO:root:----------PERFORMANCE ON TEST DATA--------------
INFO:root:             precision    recall  f1-score   support

      False       0.22      0.98      0.35      1706
       True       0.98      0.19      0.32      7582

avg / total       0.84      0.34      0.33      9288

INFO:root:done in 754.582s
INFO:root:======================================================================================================
INFO:root:Loading Data for PorterStemmer, HashingVectorizer:
INFO:root:Building Model for both 
INFO:root:Data Split, Starting Model Build for PorterStemmer, HashingVectorizer with length 15180 at: 
INFO:root:-------- SVM via svm.svc no params  ------------
INFO:root:--------PERFORMANCE ON TRAINING DATA------------
INFO:root:             precision    recall  f1-score   support

      False       0.59      0.94      0.73      7590
       True       0.85      0.36      0.51      7590

avg / total       0.72      0.65      0.62     15180

INFO:root:----------PERFORMANCE ON TEST DATA--------------
INFO:root:             precision    recall  f1-score   support

      False       0.23      0.92      0.37      1706
       True       0.94      0.30      0.46      7582

avg / total       0.81      0.42      0.44      9288

INFO:root:done in 1340.483s
INFO:root:======================================================================================================
INFO:root:Loading Data for RegexpStemmer, TfidfVectorizer:
INFO:root:Building Model for both 
INFO:root:Data Split, Starting Model Build for RegexpStemmer, TfidfVectorizer with length 15180 at: 
INFO:root:-------- SVM via svm.svc no params  ------------
INFO:root:--------PERFORMANCE ON TRAINING DATA------------
INFO:root:             precision    recall  f1-score   support

      False       0.56      0.98      0.71      7590
       True       0.94      0.22      0.36      7590

avg / total       0.75      0.60      0.54     15180

INFO:root:----------PERFORMANCE ON TEST DATA--------------
INFO:root:             precision    recall  f1-score   support

      False       0.21      0.99      0.35      1706
       True       0.98      0.19      0.31      7582

avg / total       0.84      0.33      0.32      9288

INFO:root:done in 868.425s
INFO:root:======================================================================================================
INFO:root:Loading Data for RegexpStemmer, HashingVectorizer:
INFO:root:Building Model for both 
INFO:root:Data Split, Starting Model Build for RegexpStemmer, HashingVectorizer with length 15180 at: 
INFO:root:-------- SVM via svm.svc no params  ------------
INFO:root:--------PERFORMANCE ON TRAINING DATA------------
INFO:root:             precision    recall  f1-score   support

      False       0.60      0.94      0.73      7590
       True       0.85      0.37      0.52      7590

avg / total       0.73      0.65      0.62     15180

INFO:root:----------PERFORMANCE ON TEST DATA--------------
INFO:root:             precision    recall  f1-score   support

      False       0.24      0.92      0.38      1706
       True       0.95      0.33      0.49      7582

avg / total       0.82      0.44      0.47      9288

INFO:root:done in 1145.594s
INFO:root:======================================================================================================
INFO:root:Loading Data for LancasterStemmer, TfidfVectorizer:
INFO:root:Building Model for both 
INFO:root:Data Split, Starting Model Build for LancasterStemmer, TfidfVectorizer with length 15180 at: 
INFO:root:-------- SVM via svm.svc no params  ------------
INFO:root:--------PERFORMANCE ON TRAINING DATA------------
INFO:root:             precision    recall  f1-score   support

      False       0.56      0.98      0.71      7590
       True       0.93      0.22      0.36      7590

avg / total       0.74      0.60      0.53     15180

INFO:root:----------PERFORMANCE ON TEST DATA--------------
INFO:root:             precision    recall  f1-score   support

      False       0.21      0.98      0.35      1706
       True       0.98      0.17      0.30      7582

avg / total       0.84      0.32      0.31      9288

INFO:root:done in 863.551s
INFO:root:======================================================================================================
INFO:root:Loading Data for LancasterStemmer, HashingVectorizer:
INFO:root:Building Model for both 
INFO:root:Data Split, Starting Model Build for LancasterStemmer, HashingVectorizer with length 15180 at: 
INFO:root:-------- SVM via svm.svc no params  ------------
INFO:root:--------PERFORMANCE ON TRAINING DATA------------
INFO:root:             precision    recall  f1-score   support

      False       0.60      0.93      0.73      7590
       True       0.84      0.37      0.52      7590

avg / total       0.72      0.65      0.62     15180

INFO:root:----------PERFORMANCE ON TEST DATA--------------
INFO:root:             precision    recall  f1-score   support

      False       0.23      0.91      0.37      1706
       True       0.94      0.32      0.47      7582

avg / total       0.81      0.43      0.45      9288

INFO:root:done in 1400.191s
INFO:root:======================================================================================================
