INFO:root:All Data Loaded
INFO:root:============================================================
INFO:root:Grid Search SVM on Email Text with strong features
INFO:root:-------- SVM via svm.svc no params  ------------
INFO:root:--------PERFORMANCE ON TRAINING DATA------------
INFO:root:             precision    recall  f1-score   support

      False       0.96      0.16      0.28      7590
       True       0.54      0.99      0.70      7590

avg / total       0.75      0.58      0.49     15180

INFO:root:----------PERFORMANCE ON TEST DATA--------------
INFO:root:             precision    recall  f1-score   support

      False       0.97      0.15      0.27      1706
       True       0.84      1.00      0.91      7582

avg / total       0.86      0.84      0.79      9288

INFO:root:============================================================
INFO:root:Grid Search SVM on Email Text with weak features
INFO:root:-------- SVM via svm.svc no params  ------------
INFO:root:--------PERFORMANCE ON TRAINING DATA------------
INFO:root:             precision    recall  f1-score   support

      False       0.96      0.16      0.28      7590
       True       0.54      0.99      0.70      7590

avg / total       0.75      0.58      0.49     15180

INFO:root:----------PERFORMANCE ON TEST DATA--------------
INFO:root:             precision    recall  f1-score   support

      False       0.97      0.15      0.27      1706
       True       0.84      1.00      0.91      7582

avg / total       0.86      0.84      0.79      9288

INFO:root:============================================================
INFO:root:Grid Search SVM on ALL Text with strong features
INFO:root:-------- SVM via svm.svc no params  ------------
INFO:root:--------PERFORMANCE ON TRAINING DATA------------
INFO:root:             precision    recall  f1-score   support

      False       0.55      0.98      0.71      7590
       True       0.93      0.20      0.33      7590

avg / total       0.74      0.59      0.52     15180

INFO:root:----------PERFORMANCE ON TEST DATA--------------
INFO:root:             precision    recall  f1-score   support

      False       0.21      0.99      0.35      1706
       True       0.98      0.17      0.30      7582

avg / total       0.84      0.32      0.31      9288

INFO:root:============================================================
INFO:root:Grid Search SVM on ALL Text with weak features
INFO:root:-------- SVM via svm.svc no params  ------------
INFO:root:--------PERFORMANCE ON TRAINING DATA------------
INFO:root:             precision    recall  f1-score   support

      False       0.55      0.98      0.71      7590
       True       0.93      0.20      0.33      7590

avg / total       0.74      0.59      0.52     15180

INFO:root:----------PERFORMANCE ON TEST DATA--------------
INFO:root:             precision    recall  f1-score   support

      False       0.21      0.99      0.35      1706
       True       0.98      0.18      0.30      7582

avg / total       0.84      0.32      0.31      9288

INFO:root:============================================================
INFO:root:Grid Search SVM on Subject Text with strong features
INFO:root:-------- SVM via svm.svc no params  ------------
INFO:root:--------PERFORMANCE ON TRAINING DATA------------
INFO:root:             precision    recall  f1-score   support

      False       0.55      0.99      0.70      7590
       True       0.93      0.19      0.31      7590

avg / total       0.74      0.59      0.51     15180

INFO:root:----------PERFORMANCE ON TEST DATA--------------
INFO:root:             precision    recall  f1-score   support

      False       0.21      0.99      0.34      1706
       True       0.98      0.15      0.25      7582

avg / total       0.84      0.30      0.27      9288

INFO:root:============================================================
INFO:root:Grid Search SVM on Subject Text with weak features
INFO:root:-------- SVM via svm.svc no params  ------------
INFO:root:--------PERFORMANCE ON TRAINING DATA------------
INFO:root:             precision    recall  f1-score   support

      False       0.55      0.99      0.70      7590
       True       0.93      0.19      0.31      7590

avg / total       0.74      0.59      0.51     15180

INFO:root:----------PERFORMANCE ON TEST DATA--------------
INFO:root:             precision    recall  f1-score   support

      False       0.21      0.99      0.34      1706
       True       0.98      0.15      0.25      7582

avg / total       0.84      0.30      0.27      9288

