INFO:root:All Data Loaded
INFO:root:============================================================
INFO:root:Grid Search SVM on Email Text with strong features
INFO:root:-------- SVM via svm.svc no params  ------------
INFO:root:--------PERFORMANCE ON TRAINING DATA------------
INFO:root:             precision    recall  f1-score   support

      False       0.96      0.16      0.28      7590
       True       0.54      0.99      0.70      7590

avg / total       0.75      0.58      0.49     15180

INFO:root:----------PERFORMANCE ON TEST DATA--------------
INFO:root:             precision    recall  f1-score   support

      False       0.97      0.15      0.27      1706
       True       0.84      1.00      0.91      7582

avg / total       0.86      0.84      0.79      9288

INFO:root:============================================================
INFO:root:Grid Search SVM on Email Text with weak features
INFO:root:-------- SVM via svm.svc no params  ------------
INFO:root:--------PERFORMANCE ON TRAINING DATA------------
INFO:root:             precision    recall  f1-score   support

      False       0.96      0.16      0.28      7590
       True       0.54      0.99      0.70      7590

avg / total       0.75      0.58      0.49     15180

INFO:root:----------PERFORMANCE ON TEST DATA--------------
INFO:root:             precision    recall  f1-score   support

      False       0.97      0.15      0.27      1706
       True       0.84      1.00      0.91      7582

avg / total       0.86      0.84      0.79      9288

INFO:root:============================================================
INFO:root:Grid Search SVM on Email Text with all features
INFO:root:-------- SVM via svm.svc no params  ------------
INFO:root:--------PERFORMANCE ON TRAINING DATA------------
INFO:root:             precision    recall  f1-score   support

      False       0.91      0.40      0.55      7590
       True       0.61      0.96      0.75      7590

avg / total       0.76      0.68      0.65     15180

INFO:root:----------PERFORMANCE ON TEST DATA--------------
INFO:root:             precision    recall  f1-score   support

      False       0.60      0.37      0.45      1706
       True       0.87      0.94      0.90      7582

avg / total       0.82      0.84      0.82      9288

INFO:root:============================================================
INFO:root:Grid Search SVM on Email Text with n1 features
INFO:root:-------- SVM via svm.svc no params  ------------
INFO:root:--------PERFORMANCE ON TRAINING DATA------------
