INFO:root:All Data Loaded
INFO:root:============================================================
INFO:root:Grid Search SVM on ALL DATA with n1 features
INFO:root:-------- SVM via svm.svc no params  ------------
INFO:root:--------PERFORMANCE ON TRAINING DATA------------
INFO:root:             precision    recall  f1-score   support

      False       0.62      0.90      0.74      7590
       True       0.82      0.45      0.59      7590

avg / total       0.72      0.68      0.66     15180

INFO:root:----------PERFORMANCE ON TEST DATA--------------
INFO:root:             precision    recall  f1-score   support

      False       0.25      0.89      0.39      1706
       True       0.94      0.40      0.57      7582

avg / total       0.82      0.49      0.53      9288

INFO:root:============================================================
INFO:root:Grid Search SVM on ALL DATA with n2 features
INFO:root:-------- SVM via svm.svc no params  ------------
INFO:root:--------PERFORMANCE ON TRAINING DATA------------
INFO:root:             precision    recall  f1-score   support

      False       0.60      0.94      0.73      7590
       True       0.85      0.37      0.52      7590

avg / total       0.73      0.66      0.63     15180

INFO:root:----------PERFORMANCE ON TEST DATA--------------
INFO:root:             precision    recall  f1-score   support

      False       0.24      0.92      0.38      1706
       True       0.95      0.34      0.50      7582

avg / total       0.82      0.44      0.47      9288

INFO:root:============================================================
INFO:root:Grid Search SVM on ALL DATA with all features
INFO:root:-------- SVM via svm.svc no params  ------------
INFO:root:--------PERFORMANCE ON TRAINING DATA------------
INFO:root:             precision    recall  f1-score   support

      False       0.60      0.94      0.73      7590
       True       0.85      0.37      0.52      7590

avg / total       0.73      0.65      0.62     15180

INFO:root:----------PERFORMANCE ON TEST DATA--------------
INFO:root:             precision    recall  f1-score   support

      False       0.24      0.92      0.38      1706
       True       0.95      0.33      0.49      7582

avg / total       0.82      0.44      0.47      9288

INFO:root:============================================================
INFO:root:Grid Search SVM on ALL DATA with strong features
INFO:root:-------- SVM via svm.svc no params  ------------
INFO:root:--------PERFORMANCE ON TRAINING DATA------------
INFO:root:             precision    recall  f1-score   support

      False       0.55      0.98      0.71      7590
       True       0.93      0.20      0.33      7590

avg / total       0.74      0.59      0.52     15180

INFO:root:----------PERFORMANCE ON TEST DATA--------------
INFO:root:             precision    recall  f1-score   support

      False       0.21      0.99      0.35      1706
       True       0.98      0.17      0.30      7582

avg / total       0.84      0.32      0.31      9288

INFO:root:============================================================
INFO:root:Grid Search SVM on ALL DATA with weak features
INFO:root:-------- SVM via svm.svc no params  ------------
INFO:root:--------PERFORMANCE ON TRAINING DATA------------
INFO:root:             precision    recall  f1-score   support

      False       0.55      0.98      0.71      7590
       True       0.93      0.20      0.33      7590

avg / total       0.74      0.59      0.52     15180

INFO:root:----------PERFORMANCE ON TEST DATA--------------
INFO:root:             precision    recall  f1-score   support

      False       0.21      0.99      0.35      1706
       True       0.98      0.18      0.30      7582

avg / total       0.84      0.32      0.31      9288

