
INFO:root:============================================================
INFO:root:Grid Search SVM on ALL DATA with strong features
INFO:root:-------- LogisticRegression via linear_model.LogisticRegression C =1.000000, Penalty = l2 ------------
INFO:root:--------PERFORMANCE ON TRAINING DATA------------
INFO:root:             precision    recall  f1-score   support

      False       0.85      0.69      0.76      7590
       True       0.74      0.88      0.80      7590

avg / total       0.80      0.79      0.78     15180

INFO:root:----------PERFORMANCE ON TEST DATA--------------
INFO:root:             precision    recall  f1-score   support

      False       0.32      0.71      0.44      1706
       True       0.91      0.66      0.77      7582

avg / total       0.80      0.67      0.71      9288

INFO:root:-------- LogisticRegression via linear_model.LogisticRegression C =1.000000, Penalty = l2 ------------
INFO:root:--------PERFORMANCE ON TRAINING DATA------------
INFO:root:             precision    recall  f1-score   support

      False       0.85      0.70      0.77      7590
       True       0.75      0.88      0.81      7590

avg / total       0.80      0.79      0.79     15180

INFO:root:----------PERFORMANCE ON TEST DATA--------------
INFO:root:             precision    recall  f1-score   support

      False       0.33      0.72      0.45      1706
       True       0.91      0.67      0.77      7582

avg / total       0.81      0.67      0.71      9288

INFO:root:============================================================
INFO:root:Grid Search SVM on ALL DATA with all features
INFO:root:-------- LogisticRegression via linear_model.LogisticRegression C =1.000000, Penalty = l2 ------------
INFO:root:--------PERFORMANCE ON TRAINING DATA------------
INFO:root:             precision    recall  f1-score   support

      False       0.87      0.70      0.78      7590
       True       0.75      0.89      0.82      7590

avg / total       0.81      0.80      0.80     15180

INFO:root:----------PERFORMANCE ON TEST DATA--------------
INFO:root:             precision    recall  f1-score   support

      False       0.32      0.73      0.45      1706
       True       0.91      0.65      0.76      7582

avg / total       0.81      0.67      0.70      9288

INFO:root:-------- LogisticRegression via linear_model.LogisticRegression C =1.000000, Penalty = l2 ------------
INFO:root:--------PERFORMANCE ON TRAINING DATA------------
INFO:root:             precision    recall  f1-score   support

      False       0.87      0.72      0.79      7590
       True       0.76      0.90      0.82      7590

avg / total       0.82      0.81      0.81     15180

INFO:root:----------PERFORMANCE ON TEST DATA--------------
INFO:root:             precision    recall  f1-score   support

      False       0.32      0.74      0.45      1706
       True       0.92      0.65      0.76      7582

avg / total       0.81      0.67      0.70      9288

