INFO:root:All Data Loaded
INFO:root:============================================================
INFO:root:Grid Search SVM on ALL Text with n1 features
INFO:root:-------- LogisticRegression via linear_model.LogisticRegression no params  ------------
INFO:root:--------PERFORMANCE ON TRAINING DATA------------
INFO:root:		 precision    recall  f1-score   support

	False	 0.86	0.80	0.83	7590
	 True	 0.81	0.87	0.84	7590

avg / total	 0.83	0.83	0.83     15180

INFO:root:----------PERFORMANCE ON TEST DATA--------------
INFO:root:		 precision    recall  f1-score   support

	False	 0.29	0.78	0.43	1706
	 True	 0.92	0.58	0.71	7582

avg / total	 0.81	0.62	0.66	9288

INFO:root:============================================================
INFO:root:Grid Search SVM on ALL Text with n2 features
INFO:root:-------- LogisticRegression via linear_model.LogisticRegression no params  ------------
INFO:root:--------PERFORMANCE ON TRAINING DATA------------
INFO:root:		 precision    recall  f1-score   support

	False	 0.94	0.87	0.90	7590
	 True	 0.88	0.95	0.91	7590

avg / total	 0.91	0.91	0.91     15180

INFO:root:----------PERFORMANCE ON TEST DATA--------------
INFO:root:		 precision    recall  f1-score   support

	False	 0.30	0.80	0.44	1706
	 True	 0.93	0.59	0.72	7582

avg / total	 0.81	0.63	0.67	9288

INFO:root:============================================================
INFO:root:Grid Search SVM on ALL Text with all features
INFO:root:-------- LogisticRegression via linear_model.LogisticRegression no params  ------------
INFO:root:--------PERFORMANCE ON TRAINING DATA------------
INFO:root:		 precision    recall  f1-score   support

	False	 0.94	0.87	0.91	7590
	 True	 0.88	0.95	0.91	7590

avg / total	 0.91	0.91	0.91     15180

INFO:root:----------PERFORMANCE ON TEST DATA--------------
INFO:root:		 precision    recall  f1-score   support

	False	 0.30	0.80	0.44	1706
	 True	 0.93	0.59	0.72	7582

avg / total	 0.81	0.63	0.67	9288

INFO:root:============================================================
INFO:root:Grid Search SVM on ALL Text with strong features
INFO:root:-------- LogisticRegression via linear_model.LogisticRegression no params  ------------
INFO:root:--------PERFORMANCE ON TRAINING DATA------------
INFO:root:		 precision    recall  f1-score   support

	False	 0.86	0.71	0.78	7590
	 True	 0.75	0.88	0.81	7590

avg / total	 0.81	0.80	0.80     15180

INFO:root:----------PERFORMANCE ON TEST DATA--------------
INFO:root:		 precision    recall  f1-score   support

	False	 0.33	0.73	0.45	1706
	 True	 0.92	0.66	0.77	7582

avg / total	 0.81	0.67	0.71	9288

INFO:root:============================================================
INFO:root:Grid Search SVM on ALL Text with weak features
INFO:root:-------- LogisticRegression via linear_model.LogisticRegression no params  ------------
INFO:root:--------PERFORMANCE ON TRAINING DATA------------
INFO:root:		 precision    recall  f1-score   support

	False	 0.88	0.73	0.80	7590
	 True	 0.77	0.90	0.83	7590

avg / total	 0.82	0.81	0.81     15180

INFO:root:----------PERFORMANCE ON TEST DATA--------------
INFO:root:		 precision    recall  f1-score   support

	False	 0.33	0.74	0.45	1706
	 True	 0.92	0.66	0.77	7582

avg / total	 0.81	0.67	0.71	9288

INFO:root:============================================================
INFO:root:Grid Search SVM on ALL DATA with n1 features
INFO:root:-------- LogisticRegression via linear_model.LogisticRegression no params  ------------
INFO:root:--------PERFORMANCE ON TRAINING DATA------------
INFO:root:		 precision    recall  f1-score   support

	False	 0.86	0.80	0.83	7590
	 True	 0.81	0.87	0.84	7590

avg / total	 0.83	0.83	0.83     15180

INFO:root:----------PERFORMANCE ON TEST DATA--------------
INFO:root:		 precision    recall  f1-score   support

	False	 0.29	0.78	0.43	1706
	 True	 0.92	0.58	0.71	7582

avg / total	 0.81	0.62	0.66	9288

INFO:root:============================================================
INFO:root:Grid Search SVM on ALL DATA with n2 features
INFO:root:-------- LogisticRegression via linear_model.LogisticRegression no params  ------------
INFO:root:--------PERFORMANCE ON TRAINING DATA------------
INFO:root:		 precision    recall  f1-score   support

	False	 0.94	0.87	0.90	7590
	 True	 0.88	0.95	0.91	7590

avg / total	 0.91	0.91	0.91     15180

INFO:root:----------PERFORMANCE ON TEST DATA--------------
INFO:root:		 precision    recall  f1-score   support

	False	 0.30	0.80	0.44	1706
	 True	 0.93	0.59	0.72	7582

avg / total	 0.81	0.63	0.67	9288

INFO:root:============================================================
INFO:root:Grid Search SVM on ALL DATA with all features
INFO:root:-------- LogisticRegression via linear_model.LogisticRegression no params  ------------
INFO:root:--------PERFORMANCE ON TRAINING DATA------------
INFO:root:		 precision    recall  f1-score   support

	False	 0.94	0.87	0.91	7590
	 True	 0.88	0.95	0.91	7590

avg / total	 0.91	0.91	0.91     15180

INFO:root:----------PERFORMANCE ON TEST DATA--------------
INFO:root:		 precision    recall  f1-score   support

	False	 0.30	0.80	0.44	1706
	 True	 0.93	0.59	0.72	7582

avg / total	 0.81	0.63	0.67	9288

INFO:root:============================================================
INFO:root:Grid Search SVM on ALL DATA with strong features
INFO:root:-------- LogisticRegression via linear_model.LogisticRegression no params  ------------
INFO:root:--------PERFORMANCE ON TRAINING DATA------------
INFO:root:		 precision    recall  f1-score   support

	False	 0.86	0.71	0.78	7590
	 True	 0.75	0.88	0.81	7590

avg / total	 0.81	0.80	0.80     15180

INFO:root:----------PERFORMANCE ON TEST DATA--------------
INFO:root:		 precision    recall  f1-score   support

	False	 0.33	0.73	0.45	1706
	 True	 0.92	0.66	0.77	7582

avg / total	 0.81	0.67	0.71	9288

INFO:root:============================================================
INFO:root:Grid Search SVM on ALL DATA with weak features
INFO:root:-------- LogisticRegression via linear_model.LogisticRegression no params  ------------
INFO:root:--------PERFORMANCE ON TRAINING DATA------------
INFO:root:		 precision    recall  f1-score   support

	False	 0.88	0.73	0.80	7590
	 True	 0.77	0.90	0.83	7590

avg / total	 0.82	0.81	0.81     15180

INFO:root:----------PERFORMANCE ON TEST DATA--------------
INFO:root:		 precision    recall  f1-score   support

	False	 0.33	0.74	0.45	1706
	 True	 0.92	0.66	0.77	7582

avg / total	 0.81	0.67	0.71	9288

INFO:root:============================================================
INFO:root:Grid Search SVM on Subject Text with n1 features
INFO:root:-------- LogisticRegression via linear_model.LogisticRegression no params  ------------
INFO:root:--------PERFORMANCE ON TRAINING DATA------------
INFO:root:		 precision    recall  f1-score   support

	False	 0.80	0.74	0.77	7590
	 True	 0.76	0.81	0.78	7590

avg / total	 0.78	0.78	0.78     15180

INFO:root:----------PERFORMANCE ON TEST DATA--------------
INFO:root:		 precision    recall  f1-score   support

	False	 0.29	0.75	0.42	1706
	 True	 0.91	0.58	0.71	7582

avg / total	 0.80	0.61	0.66	9288

INFO:root:============================================================
INFO:root:Grid Search SVM on Subject Text with n2 features
INFO:root:-------- LogisticRegression via linear_model.LogisticRegression no params  ------------
INFO:root:--------PERFORMANCE ON TRAINING DATA------------
INFO:root:		 precision    recall  f1-score   support

	False	 0.86	0.79	0.83	7590
	 True	 0.81	0.87	0.84	7590

avg / total	 0.84	0.83	0.83     15180

INFO:root:----------PERFORMANCE ON TEST DATA--------------
INFO:root:		 precision    recall  f1-score   support

	False	 0.29	0.75	0.42	1706
	 True	 0.91	0.59	0.72	7582

avg / total	 0.80	0.62	0.66	9288

INFO:root:============================================================
INFO:root:Grid Search SVM on Subject Text with all features
INFO:root:-------- LogisticRegression via linear_model.LogisticRegression no params  ------------
INFO:root:--------PERFORMANCE ON TRAINING DATA------------
INFO:root:		 precision    recall  f1-score   support

	False	 0.86	0.79	0.83	7590
	 True	 0.81	0.88	0.84	7590

avg / total	 0.84	0.83	0.83     15180

INFO:root:----------PERFORMANCE ON TEST DATA--------------
INFO:root:		 precision    recall  f1-score   support

	False	 0.29	0.75	0.42	1706
	 True	 0.91	0.59	0.72	7582

avg / total	 0.80	0.62	0.66	9288

INFO:root:============================================================
INFO:root:Grid Search SVM on Subject Text with strong features
INFO:root:-------- LogisticRegression via linear_model.LogisticRegression no params  ------------
INFO:root:--------PERFORMANCE ON TRAINING DATA------------
INFO:root:		 precision    recall  f1-score   support

	False	 0.82	0.65	0.72	7590
	 True	 0.71	0.86	0.78	7590

avg / total	 0.77	0.75	0.75     15180

INFO:root:----------PERFORMANCE ON TEST DATA--------------
INFO:root:		 precision    recall  f1-score   support

	False	 0.31	0.67	0.43	1706
	 True	 0.90	0.67	0.77	7582

avg / total	 0.79	0.67	0.70	9288

INFO:root:============================================================
INFO:root:Grid Search SVM on Subject Text with weak features
INFO:root:-------- LogisticRegression via linear_model.LogisticRegression no params  ------------
INFO:root:--------PERFORMANCE ON TRAINING DATA------------
INFO:root:		 precision    recall  f1-score   support

	False	 0.84	0.68	0.75	7590
	 True	 0.73	0.87	0.79	7590

avg / total	 0.78	0.77	0.77     15180

INFO:root:----------PERFORMANCE ON TEST DATA--------------
INFO:root:		 precision    recall  f1-score   support

	False	 0.31	0.68	0.43	1706
	 True	 0.90	0.67	0.77	7582

avg / total	 0.79	0.67	0.70	9288

INFO:root:============================================================
INFO:root:Grid Search SVM on Email Text with n1 features
INFO:root:-------- LogisticRegression via linear_model.LogisticRegression no params  ------------
INFO:root:--------PERFORMANCE ON TRAINING DATA------------
INFO:root:		 precision    recall  f1-score   support

	False	 0.82	0.75	0.78	7590
	 True	 0.77	0.83	0.80	7590

avg / total	 0.79	0.79	0.79     15180

INFO:root:----------PERFORMANCE ON TEST DATA--------------
INFO:root:		 precision    recall  f1-score   support

	False	 0.29	0.75	0.42	1706
	 True	 0.91	0.58	0.71	7582

avg / total	 0.80	0.61	0.66	9288

INFO:root:============================================================
INFO:root:Grid Search SVM on Email Text with n2 features
INFO:root:-------- LogisticRegression via linear_model.LogisticRegression no params  ------------
INFO:root:--------PERFORMANCE ON TRAINING DATA------------
INFO:root:		 precision    recall  f1-score   support

	False	 0.92	0.82	0.87	7590
	 True	 0.84	0.93	0.88	7590

avg / total	 0.88	0.87	0.87     15180

INFO:root:----------PERFORMANCE ON TEST DATA--------------
INFO:root:		 precision    recall  f1-score   support

	False	 0.31	0.79	0.44	1706
	 True	 0.93	0.60	0.73	7582

avg / total	 0.81	0.63	0.67	9288

INFO:root:============================================================
INFO:root:Grid Search SVM on Email Text with all features
INFO:root:-------- LogisticRegression via linear_model.LogisticRegression no params  ------------
INFO:root:--------PERFORMANCE ON TRAINING DATA------------
INFO:root:		 precision    recall  f1-score   support

	False	 0.92	0.83	0.87	7590
	 True	 0.84	0.93	0.88	7590

avg / total	 0.88	0.88	0.88     15180

INFO:root:----------PERFORMANCE ON TEST DATA--------------
INFO:root:		 precision    recall  f1-score   support

	False	 0.31	0.79	0.44	1706
	 True	 0.93	0.60	0.73	7582

avg / total	 0.81	0.63	0.67	9288

INFO:root:============================================================
INFO:root:Grid Search SVM on Email Text with strong features
INFO:root:-------- LogisticRegression via linear_model.LogisticRegression no params  ------------
INFO:root:--------PERFORMANCE ON TRAINING DATA------------
INFO:root:		 precision    recall  f1-score   support

	False	 0.83	0.69	0.75	7590
	 True	 0.74	0.86	0.79	7590

avg / total	 0.78	0.78	0.77     15180

INFO:root:----------PERFORMANCE ON TEST DATA--------------
INFO:root:		 precision    recall  f1-score   support

	False	 0.32	0.72	0.44	1706
	 True	 0.91	0.65	0.76	7582

avg / total	 0.80	0.66	0.70	9288

INFO:root:============================================================
INFO:root:Grid Search SVM on Email Text with weak features
INFO:root:-------- LogisticRegression via linear_model.LogisticRegression no params  ------------
INFO:root:--------PERFORMANCE ON TRAINING DATA------------
INFO:root:		 precision    recall  f1-score   support

	False	 0.84	0.70	0.76	7590
	 True	 0.74	0.87	0.80	7590

avg / total	 0.79	0.78	0.78     15180

INFO:root:----------PERFORMANCE ON TEST DATA--------------
INFO:root:		 precision    recall  f1-score   support

	False	 0.32	0.74	0.44	1706
	 True	 0.92	0.64	0.76	7582

avg / total	 0.81	0.66	0.70	9288

INFO:root:============================================================
INFO:root:Grid Search SVM on Customer Info with n1 features
INFO:root:-------- LogisticRegression via linear_model.LogisticRegression no params  ------------
INFO:root:--------PERFORMANCE ON TRAINING DATA------------
INFO:root:		 precision    recall  f1-score   support

	False	 0.62	0.23	0.33	7590
	 True	 0.53	0.86	0.65	7590

avg / total	 0.57	0.54	0.49     15180

INFO:root:----------PERFORMANCE ON TEST DATA--------------
INFO:root:		 precision    recall  f1-score   support

	False	 0.23	0.19	0.21	1706
	 True	 0.82	0.85	0.84	7582

avg / total	 0.71	0.73	0.72	9288

INFO:root:============================================================
INFO:root:Grid Search SVM on Customer Info with n2 features
INFO:root:-------- LogisticRegression via linear_model.LogisticRegression no params  ------------
INFO:root:--------PERFORMANCE ON TRAINING DATA------------
INFO:root:		 precision    recall  f1-score   support

	False	 0.62	0.23	0.33	7590
	 True	 0.53	0.86	0.65	7590

avg / total	 0.57	0.54	0.49     15180

INFO:root:----------PERFORMANCE ON TEST DATA--------------
INFO:root:		 precision    recall  f1-score   support

	False	 0.23	0.19	0.21	1706
	 True	 0.82	0.85	0.84	7582

avg / total	 0.71	0.73	0.72	9288

INFO:root:============================================================
INFO:root:Grid Search SVM on Customer Info with all features
INFO:root:-------- LogisticRegression via linear_model.LogisticRegression no params  ------------
INFO:root:--------PERFORMANCE ON TRAINING DATA------------
INFO:root:		 precision    recall  f1-score   support

	False	 0.62	0.23	0.33	7590
	 True	 0.53	0.86	0.65	7590

avg / total	 0.57	0.54	0.49     15180

INFO:root:----------PERFORMANCE ON TEST DATA--------------
INFO:root:		 precision    recall  f1-score   support

	False	 0.23	0.19	0.21	1706
	 True	 0.82	0.85	0.84	7582

avg / total	 0.71	0.73	0.72	9288

INFO:root:============================================================
INFO:root:Grid Search SVM on Customer Info with strong features
INFO:root:-------- LogisticRegression via linear_model.LogisticRegression no params  ------------
INFO:root:--------PERFORMANCE ON TRAINING DATA------------
INFO:root:		 precision    recall  f1-score   support

	False	 0.62	0.23	0.33	7590
	 True	 0.53	0.86	0.65	7590

avg / total	 0.57	0.54	0.49     15180

INFO:root:----------PERFORMANCE ON TEST DATA--------------
INFO:root:		 precision    recall  f1-score   support

	False	 0.23	0.19	0.21	1706
	 True	 0.82	0.85	0.84	7582

avg / total	 0.71	0.73	0.72	9288

INFO:root:============================================================
INFO:root:Grid Search SVM on Customer Info with weak features
INFO:root:-------- LogisticRegression via linear_model.LogisticRegression no params  ------------
INFO:root:--------PERFORMANCE ON TRAINING DATA------------
INFO:root:		 precision    recall  f1-score   support

	False	 0.62	0.23	0.33	7590
	 True	 0.53	0.86	0.65	7590

avg / total	 0.57	0.54	0.49     15180

INFO:root:----------PERFORMANCE ON TEST DATA--------------
INFO:root:		 precision    recall  f1-score   support

	False	 0.23	0.19	0.21	1706
	 True	 0.82	0.85	0.84	7582

avg / total	 0.71	0.73	0.72	9288

