INFO:root:All Data Loaded
INFO:root:============================================================
INFO:root:Grid Search SVM on Email Text with strong features
INFO:root:-------- SVM via svm.svc no params  ------------
INFO:root:--------PERFORMANCE ON TRAINING DATA------------
INFO:root:             precision    recall  f1-score   support

      False       0.96      0.16      0.28      7590
       True       0.54      0.99      0.70      7590

avg / total       0.75      0.58      0.49     15180

INFO:root:----------PERFORMANCE ON TEST DATA--------------
INFO:root:             precision    recall  f1-score   support

      False       0.97      0.15      0.27      1706
       True       0.84      1.00      0.91      7582

avg / total       0.86      0.84      0.79      9288

INFO:root:============================================================
INFO:root:Grid Search SVM on Email Text with weak features
INFO:root:-------- SVM via svm.svc no params  ------------
INFO:root:--------PERFORMANCE ON TRAINING DATA------------
INFO:root:             precision    recall  f1-score   support

      False       0.96      0.16      0.28      7590
       True       0.54      0.99      0.70      7590

avg / total       0.75      0.58      0.49     15180

INFO:root:----------PERFORMANCE ON TEST DATA--------------
INFO:root:             precision    recall  f1-score   support

      False       0.97      0.15      0.27      1706
       True       0.84      1.00      0.91      7582

avg / total       0.86      0.84      0.79      9288

INFO:root:============================================================
INFO:root:Grid Search SVM on Email Text with all features
INFO:root:-------- SVM via svm.svc no params  ------------
INFO:root:--------PERFORMANCE ON TRAINING DATA------------
INFO:root:             precision    recall  f1-score   support

      False       0.91      0.40      0.55      7590
       True       0.61      0.96      0.75      7590

avg / total       0.76      0.68      0.65     15180

INFO:root:----------PERFORMANCE ON TEST DATA--------------
INFO:root:             precision    recall  f1-score   support

      False       0.60      0.37      0.45      1706
       True       0.87      0.94      0.90      7582

avg / total       0.82      0.84      0.82      9288

INFO:root:============================================================
INFO:root:Grid Search SVM on Email Text with n1 features
INFO:root:-------- SVM via svm.svc no params  ------------
INFO:root:--------PERFORMANCE ON TRAINING DATA------------
INFO:root:             precision    recall  f1-score   support

      False       0.87      0.44      0.58      7590
       True       0.63      0.94      0.75      7590

avg / total       0.75      0.69      0.67     15180

INFO:root:----------PERFORMANCE ON TEST DATA--------------
INFO:root:             precision    recall  f1-score   support

      False       0.47      0.44      0.46      1706
       True       0.88      0.89      0.88      7582

avg / total       0.80      0.81      0.80      9288

INFO:root:============================================================
INFO:root:Grid Search SVM on Email Text with n2 features
INFO:root:-------- SVM via svm.svc no params  ------------
INFO:root:--------PERFORMANCE ON TRAINING DATA------------
INFO:root:             precision    recall  f1-score   support

      False       0.91      0.40      0.55      7590
       True       0.61      0.96      0.75      7590

avg / total       0.76      0.68      0.65     15180

INFO:root:----------PERFORMANCE ON TEST DATA--------------
INFO:root:             precision    recall  f1-score   support

      False       0.59      0.37      0.46      1706
       True       0.87      0.94      0.90      7582

avg / total       0.82      0.84      0.82      9288

INFO:root:============================================================
INFO:root:Grid Search SVM on ALL Text with strong features
INFO:root:-------- SVM via svm.svc no params  ------------
INFO:root:--------PERFORMANCE ON TRAINING DATA------------
INFO:root:             precision    recall  f1-score   support

      False       0.55      0.98      0.71      7590
       True       0.93      0.20      0.33      7590

avg / total       0.74      0.59      0.52     15180

INFO:root:----------PERFORMANCE ON TEST DATA--------------
INFO:root:             precision    recall  f1-score   support

      False       0.21      0.99      0.35      1706
       True       0.98      0.17      0.30      7582

avg / total       0.84      0.32      0.31      9288

INFO:root:============================================================
INFO:root:Grid Search SVM on ALL Text with weak features
INFO:root:-------- SVM via svm.svc no params  ------------
INFO:root:--------PERFORMANCE ON TRAINING DATA------------
INFO:root:             precision    recall  f1-score   support

      False       0.55      0.98      0.71      7590
       True       0.93      0.20      0.33      7590

avg / total       0.74      0.59      0.52     15180

INFO:root:----------PERFORMANCE ON TEST DATA--------------
INFO:root:             precision    recall  f1-score   support

      False       0.21      0.99      0.35      1706
       True       0.98      0.18      0.30      7582

avg / total       0.84      0.32      0.31      9288

INFO:root:============================================================
INFO:root:Grid Search SVM on ALL Text with all features
INFO:root:-------- SVM via svm.svc no params  ------------
INFO:root:--------PERFORMANCE ON TRAINING DATA------------
INFO:root:             precision    recall  f1-score   support

      False       0.60      0.94      0.73      7590
       True       0.85      0.37      0.52      7590

avg / total       0.73      0.65      0.62     15180

INFO:root:----------PERFORMANCE ON TEST DATA--------------
INFO:root:             precision    recall  f1-score   support

      False       0.24      0.92      0.38      1706
       True       0.95      0.33      0.49      7582

avg / total       0.82      0.44      0.47      9288

INFO:root:============================================================
INFO:root:Grid Search SVM on ALL Text with n1 features
INFO:root:-------- SVM via svm.svc no params  ------------
INFO:root:--------PERFORMANCE ON TRAINING DATA------------
INFO:root:             precision    recall  f1-score   support

      False       0.62      0.90      0.74      7590
       True       0.82      0.46      0.59      7590

avg / total       0.72      0.68      0.66     15180

INFO:root:----------PERFORMANCE ON TEST DATA--------------
INFO:root:             precision    recall  f1-score   support

      False       0.25      0.89      0.39      1706
       True       0.94      0.41      0.57      7582

avg / total       0.82      0.50      0.54      9288

INFO:root:============================================================
INFO:root:Grid Search SVM on ALL Text with n2 features
INFO:root:-------- SVM via svm.svc no params  ------------
INFO:root:--------PERFORMANCE ON TRAINING DATA------------
INFO:root:             precision    recall  f1-score   support

      False       0.60      0.94      0.73      7590
       True       0.85      0.37      0.52      7590

avg / total       0.73      0.66      0.63     15180

INFO:root:----------PERFORMANCE ON TEST DATA--------------
INFO:root:             precision    recall  f1-score   support

      False       0.24      0.92      0.38      1706
       True       0.95      0.34      0.50      7582

avg / total       0.82      0.44      0.47      9288

INFO:root:============================================================
INFO:root:Grid Search SVM on Subject Text with strong features
INFO:root:-------- SVM via svm.svc no params  ------------
INFO:root:--------PERFORMANCE ON TRAINING DATA------------
INFO:root:             precision    recall  f1-score   support

      False       0.55      0.99      0.70      7590
       True       0.93      0.19      0.31      7590

avg / total       0.74      0.59      0.51     15180

INFO:root:----------PERFORMANCE ON TEST DATA--------------
INFO:root:             precision    recall  f1-score   support

      False       0.21      0.99      0.34      1706
       True       0.98      0.15      0.25      7582

avg / total       0.84      0.30      0.27      9288

INFO:root:============================================================
INFO:root:Grid Search SVM on Subject Text with weak features
INFO:root:-------- SVM via svm.svc no params  ------------
INFO:root:--------PERFORMANCE ON TRAINING DATA------------
INFO:root:             precision    recall  f1-score   support

      False       0.55      0.99      0.70      7590
       True       0.93      0.19      0.31      7590

avg / total       0.74      0.59      0.51     15180

INFO:root:----------PERFORMANCE ON TEST DATA--------------
INFO:root:             precision    recall  f1-score   support

      False       0.21      0.99      0.34      1706
       True       0.98      0.15      0.25      7582

avg / total       0.84      0.30      0.27      9288

INFO:root:============================================================
INFO:root:Grid Search SVM on Subject Text with all features
INFO:root:-------- SVM via svm.svc no params  ------------
INFO:root:--------PERFORMANCE ON TRAINING DATA------------
INFO:root:             precision    recall  f1-score   support

      False       0.56      0.97      0.71      7590
       True       0.89      0.23      0.36      7590

avg / total       0.72      0.60      0.53     15180

INFO:root:----------PERFORMANCE ON TEST DATA--------------
