INFO:root:Loading Data for RegexpStemmer, HashingVectorizer, 100:
INFO:root:Building Model for both 
INFO:root:Loading Data for RegexpStemmer, HashingVectorizer, 100:
INFO:root:Building Model for both 
INFO:root:Data Split, Starting Model Build for RegexpStemmer, HashingVectorizer, and 100 features with length 15180 at: 
INFO:root:-------- SVM via svm.svc no params  ------------
INFO:root:--------PERFORMANCE ON TRAINING DATA------------
INFO:root:             precision    recall  f1-score   support

      False       0.78      0.62      0.69      7590
       True       0.68      0.82      0.75      7590

avg / total       0.73      0.72      0.72     15180

INFO:root:----------PERFORMANCE ON TEST DATA--------------
INFO:root:             precision    recall  f1-score   support

      False       0.30      0.69      0.42      1706
       True       0.90      0.64      0.75      7582

avg / total       0.79      0.65      0.69      9288

INFO:root:done in 292.721s
INFO:root:======================================================================================================
INFO:root:Loading Data for RegexpStemmer, HashingVectorizer, 1000:
INFO:root:Building Model for both 
INFO:root:Data Split, Starting Model Build for RegexpStemmer, HashingVectorizer, and 1000 features with length 15180 at: 
INFO:root:-------- SVM via svm.svc no params  ------------
INFO:root:--------PERFORMANCE ON TRAINING DATA------------
INFO:root:             precision    recall  f1-score   support

      False       0.62      0.90      0.74      7590
       True       0.82      0.46      0.59      7590

avg / total       0.72      0.68      0.66     15180

INFO:root:----------PERFORMANCE ON TEST DATA--------------
INFO:root:             precision    recall  f1-score   support

      False       0.25      0.89      0.39      1706
       True       0.94      0.41      0.57      7582

avg / total       0.82      0.50      0.54      9288

INFO:root:done in 921.312s
INFO:root:======================================================================================================
INFO:root:Loading Data for RegexpStemmer, HashingVectorizer, 10000:
INFO:root:Building Model for both 
INFO:root:Data Split, Starting Model Build for RegexpStemmer, HashingVectorizer, and 10000 features with length 15180 at: 
INFO:root:-------- SVM via svm.svc no params  ------------
INFO:root:--------PERFORMANCE ON TRAINING DATA------------
INFO:root:             precision    recall  f1-score   support

      False       0.60      0.94      0.73      7590
       True       0.85      0.37      0.52      7590

avg / total       0.73      0.65      0.62     15180

INFO:root:----------PERFORMANCE ON TEST DATA--------------
INFO:root:             precision    recall  f1-score   support

      False       0.24      0.92      0.38      1706
       True       0.95      0.34      0.50      7582

avg / total       0.82      0.45      0.48      9288

INFO:root:done in 1116.878s
INFO:root:======================================================================================================
INFO:root:Loading Data for RegexpStemmer, HashingVectorizer, 100000:
INFO:root:Building Model for both 
INFO:root:Data Split, Starting Model Build for RegexpStemmer, HashingVectorizer, and 100000 features with length 15180 at: 
INFO:root:-------- SVM via svm.svc no params  ------------
INFO:root:--------PERFORMANCE ON TRAINING DATA------------
INFO:root:             precision    recall  f1-score   support

      False       0.60      0.94      0.73      7590
       True       0.85      0.37      0.52      7590

avg / total       0.73      0.66      0.63     15180

INFO:root:----------PERFORMANCE ON TEST DATA--------------
INFO:root:             precision    recall  f1-score   support

      False       0.24      0.92      0.38      1706
       True       0.95      0.34      0.50      7582

avg / total       0.82      0.44      0.47      9288

INFO:root:done in 5117.111s
INFO:root:======================================================================================================
INFO:root:Loading Data for RegexpStemmer, HashingVectorizer, 1000000:
INFO:root:Building Model for both 
INFO:root:Data Split, Starting Model Build for RegexpStemmer, HashingVectorizer, and 1000000 features with length 15180 at: 
INFO:root:-------- SVM via svm.svc no params  ------------
INFO:root:--------PERFORMANCE ON TRAINING DATA------------
INFO:root:             precision    recall  f1-score   support

      False       0.60      0.94      0.73      7590
       True       0.85      0.38      0.52      7590

avg / total       0.73      0.66      0.63     15180

INFO:root:----------PERFORMANCE ON TEST DATA--------------
INFO:root:             precision    recall  f1-score   support

      False       0.24      0.92      0.38      1706
       True       0.95      0.34      0.50      7582

avg / total       0.82      0.45      0.48      9288

INFO:root:done in 1338.289s
INFO:root:======================================================================================================
INFO:root:Loading Data for RegexpStemmer, HashingVectorizer, 10000000:
INFO:root:Building Model for both 
INFO:root:Data Split, Starting Model Build for RegexpStemmer, HashingVectorizer, and 10000000 features with length 15180 at: 
INFO:root:-------- SVM via svm.svc no params  ------------
INFO:root:--------PERFORMANCE ON TRAINING DATA------------
INFO:root:             precision    recall  f1-score   support

      False       0.60      0.93      0.73      7590
       True       0.85      0.39      0.53      7590

avg / total       0.73      0.66      0.63     15180

INFO:root:----------PERFORMANCE ON TEST DATA--------------
INFO:root:             precision    recall  f1-score   support

      False       0.24      0.91      0.38      1706
       True       0.95      0.35      0.51      7582

avg / total       0.82      0.45      0.49      9288

INFO:root:done in 1146.835s
INFO:root:======================================================================================================
INFO:root:Loading Data for RegexpStemmer, HashingVectorizer, 100000000:
INFO:root:Building Model for both 
INFO:root:Data Split, Starting Model Build for RegexpStemmer, HashingVectorizer, and 100000000 features with length 15180 at: 
INFO:root:-------- SVM via svm.svc no params  ------------
INFO:root:--------PERFORMANCE ON TRAINING DATA------------
INFO:root:             precision    recall  f1-score   support

      False       0.73      0.72      0.73      7590
       True       0.73      0.74      0.73      7590

avg / total       0.73      0.73      0.73     15180

INFO:root:----------PERFORMANCE ON TEST DATA--------------
INFO:root:             precision    recall  f1-score   support

      False       0.28      0.78      0.42      1706
       True       0.92      0.56      0.70      7582

avg / total       0.80      0.60      0.64      9288

INFO:root:done in 1137.097s
INFO:root:======================================================================================================
INFO:root:Loading Data for RegexpStemmer, HashingVectorizer, 100:
INFO:root:Building Model for both 
INFO:root:Data Split, Starting Model Build for RegexpStemmer, HashingVectorizer, and 100 features with length 15180 at: 
INFO:root:-------- SVM via svm.svc no params  ------------
INFO:root:--------PERFORMANCE ON TRAINING DATA------------
INFO:root:             precision    recall  f1-score   support

      False       0.78      0.62      0.69      7590
       True       0.68      0.82      0.75      7590

avg / total       0.73      0.72      0.72     15180

INFO:root:----------PERFORMANCE ON TEST DATA--------------
