INFO:root:++++++++++++++++++++++++++++++++++++++++++++++++++++++++++++++++++
INFO:root:++++++++++++++++++++++++++++++++++++++++++++++++++++++++++++++++++
INFO:root:++++++++++++++++++++++++++++++++++++++++++++++++++++++++++++++++++
INFO:root:VECTORIZER = TfidfVectorizer
INFO:root:STEMMER = RegexpStemmer
INFO:root:++++++++++++++++++++++++++++++++++++++++++++++++++++++++++++++++++
INFO:root:++++++++++++++++++++++++++++++++++++++++++++++++++++++++++++++++++
INFO:root:++++++++++++++++++++++++++++++++++++++++++++++++++++++++++++++++++
INFO:root:All Data Loaded
INFO:root:============================================================
INFO:root:LogisticRegression on ALL Text with both features
INFO:root:-------- LogisticRegression via linear_model.LogisticRegression no params  ------------
INFO:root:--------PERFORMANCE ON TRAINING DATA------------
INFO:root:             precision    recall  f1-score   support

      False       0.97      0.91      0.94      7590
       True       0.92      0.97      0.94      7590

avg / total       0.94      0.94      0.94     15180

INFO:root:----------PERFORMANCE ON TEST DATA--------------
INFO:root:             precision    recall  f1-score   support

      False       0.30      0.79      0.44      1706
       True       0.93      0.59      0.72      7582

avg / total       0.81      0.63      0.67      9288

INFO:root:============================================================
INFO:root:GLogisticRegression on ALL DATA with all features
INFO:root:-------- LogisticRegression via linear_model.LogisticRegression no params  ------------
INFO:root:--------PERFORMANCE ON TRAINING DATA------------
INFO:root:             precision    recall  f1-score   support

      False       0.97      0.91      0.94      7590
       True       0.92      0.97      0.94      7590

avg / total       0.94      0.94      0.94     15180

INFO:root:----------PERFORMANCE ON TEST DATA--------------
INFO:root:             precision    recall  f1-score   support

      False       0.30      0.79      0.44      1706
       True       0.93      0.59      0.72      7582

avg / total       0.81      0.63      0.67      9288

INFO:root:============================================================
INFO:root:LogisticRegression on Subject Text with subject features
INFO:root:-------- LogisticRegression via linear_model.LogisticRegression no params  ------------
INFO:root:--------PERFORMANCE ON TRAINING DATA------------
INFO:root:             precision    recall  f1-score   support

      False       0.89      0.83      0.86      7590
       True       0.84      0.90      0.87      7590

avg / total       0.87      0.87      0.87     15180

INFO:root:----------PERFORMANCE ON TEST DATA--------------
INFO:root:             precision    recall  f1-score   support

      False       0.29      0.77      0.43      1706
       True       0.92      0.59      0.72      7582

avg / total       0.80      0.62      0.66      9288

INFO:root:============================================================
INFO:root:LogisticRegression on Email Text with email features
INFO:root:-------- LogisticRegression via linear_model.LogisticRegression no params  ------------
INFO:root:--------PERFORMANCE ON TRAINING DATA------------
INFO:root:             precision    recall  f1-score   support

      False       0.96      0.87      0.92      7590
       True       0.88      0.97      0.92      7590

avg / total       0.92      0.92      0.92     15180

INFO:root:----------PERFORMANCE ON TEST DATA--------------
INFO:root:             precision    recall  f1-score   support

      False       0.31      0.78      0.44      1706
       True       0.92      0.61      0.73      7582

avg / total       0.81      0.64      0.68      9288

INFO:root:============================================================
INFO:root:LogisticRegression on Customer Info with normal features
INFO:root:-------- LogisticRegression via linear_model.LogisticRegression no params  ------------
INFO:root:--------PERFORMANCE ON TRAINING DATA------------
INFO:root:             precision    recall  f1-score   support

      False       0.62      0.23      0.33      7590
       True       0.53      0.86      0.65      7590

avg / total       0.57      0.54      0.49     15180

INFO:root:----------PERFORMANCE ON TEST DATA--------------
INFO:root:             precision    recall  f1-score   support

      False       0.23      0.19      0.21      1706
       True       0.82      0.85      0.84      7582

avg / total       0.71      0.73      0.72      9288

INFO:root:++++++++++++++++++++++++++++++++++++++++++++++++++++++++++++++++++
INFO:root:++++++++++++++++++++++++++++++++++++++++++++++++++++++++++++++++++
INFO:root:++++++++++++++++++++++++++++++++++++++++++++++++++++++++++++++++++
INFO:root:VECTORIZER = TfidfVectorizer
INFO:root:STEMMER = LancasterStemmer
INFO:root:++++++++++++++++++++++++++++++++++++++++++++++++++++++++++++++++++
INFO:root:++++++++++++++++++++++++++++++++++++++++++++++++++++++++++++++++++
INFO:root:++++++++++++++++++++++++++++++++++++++++++++++++++++++++++++++++++
INFO:root:All Data Loaded
INFO:root:============================================================
INFO:root:LogisticRegression on ALL Text with both features
INFO:root:-------- LogisticRegression via linear_model.LogisticRegression no params  ------------
INFO:root:--------PERFORMANCE ON TRAINING DATA------------
INFO:root:             precision    recall  f1-score   support

      False       0.97      0.91      0.94      7590
       True       0.91      0.97      0.94      7590

avg / total       0.94      0.94      0.94     15180

INFO:root:----------PERFORMANCE ON TEST DATA--------------
INFO:root:             precision    recall  f1-score   support

      False       0.31      0.80      0.44      1706
       True       0.93      0.59      0.72      7582

avg / total       0.81      0.63      0.67      9288

INFO:root:============================================================
INFO:root:GLogisticRegression on ALL DATA with all features
INFO:root:-------- LogisticRegression via linear_model.LogisticRegression no params  ------------
INFO:root:--------PERFORMANCE ON TRAINING DATA------------
INFO:root:             precision    recall  f1-score   support

      False       0.97      0.91      0.94      7590
       True       0.91      0.97      0.94      7590

avg / total       0.94      0.94      0.94     15180

INFO:root:----------PERFORMANCE ON TEST DATA--------------
INFO:root:             precision    recall  f1-score   support

      False       0.31      0.80      0.44      1706
       True       0.93      0.59      0.72      7582

avg / total       0.81      0.63      0.67      9288

INFO:root:============================================================
INFO:root:LogisticRegression on Subject Text with subject features
INFO:root:-------- LogisticRegression via linear_model.LogisticRegression no params  ------------
INFO:root:--------PERFORMANCE ON TRAINING DATA------------
INFO:root:             precision    recall  f1-score   support

      False       0.89      0.83      0.86      7590
       True       0.84      0.90      0.87      7590

avg / total       0.86      0.86      0.86     15180

INFO:root:----------PERFORMANCE ON TEST DATA--------------
INFO:root:             precision    recall  f1-score   support

      False       0.30      0.76      0.43      1706
       True       0.92      0.59      0.72      7582

avg / total       0.80      0.62      0.66      9288

INFO:root:============================================================
INFO:root:LogisticRegression on Email Text with email features
INFO:root:-------- LogisticRegression via linear_model.LogisticRegression no params  ------------
INFO:root:--------PERFORMANCE ON TRAINING DATA------------
INFO:root:             precision    recall  f1-score   support

      False       0.96      0.87      0.92      7590
       True       0.88      0.97      0.92      7590

avg / total       0.92      0.92      0.92     15180

INFO:root:----------PERFORMANCE ON TEST DATA--------------
INFO:root:             precision    recall  f1-score   support

      False       0.31      0.78      0.44      1706
       True       0.92      0.61      0.73      7582

avg / total       0.81      0.64      0.68      9288

INFO:root:============================================================
INFO:root:LogisticRegression on Customer Info with normal features
INFO:root:-------- LogisticRegression via linear_model.LogisticRegression no params  ------------
INFO:root:--------PERFORMANCE ON TRAINING DATA------------
INFO:root:             precision    recall  f1-score   support

      False       0.62      0.23      0.33      7590
       True       0.53      0.86      0.65      7590

avg / total       0.57      0.54      0.49     15180

INFO:root:----------PERFORMANCE ON TEST DATA--------------
INFO:root:             precision    recall  f1-score   support

      False       0.23      0.19      0.21      1706
       True       0.82      0.85      0.84      7582

avg / total       0.71      0.73      0.72      9288

INFO:root:++++++++++++++++++++++++++++++++++++++++++++++++++++++++++++++++++
INFO:root:++++++++++++++++++++++++++++++++++++++++++++++++++++++++++++++++++
INFO:root:++++++++++++++++++++++++++++++++++++++++++++++++++++++++++++++++++
INFO:root:VECTORIZER = TfidfVectorizer
INFO:root:STEMMER = PorterStemmer
INFO:root:++++++++++++++++++++++++++++++++++++++++++++++++++++++++++++++++++
INFO:root:++++++++++++++++++++++++++++++++++++++++++++++++++++++++++++++++++
INFO:root:++++++++++++++++++++++++++++++++++++++++++++++++++++++++++++++++++
INFO:root:All Data Loaded
INFO:root:============================================================
INFO:root:LogisticRegression on ALL Text with both features
INFO:root:-------- LogisticRegression via linear_model.LogisticRegression no params  ------------
INFO:root:--------PERFORMANCE ON TRAINING DATA------------
INFO:root:             precision    recall  f1-score   support

      False       0.97      0.91      0.94      7590
       True       0.91      0.97      0.94      7590

avg / total       0.94      0.94      0.94     15180

INFO:root:----------PERFORMANCE ON TEST DATA--------------
INFO:root:             precision    recall  f1-score   support

      False       0.31      0.80      0.44      1706
       True       0.93      0.59      0.72      7582

avg / total       0.81      0.63      0.67      9288

INFO:root:============================================================
INFO:root:GLogisticRegression on ALL DATA with all features
INFO:root:-------- LogisticRegression via linear_model.LogisticRegression no params  ------------
INFO:root:--------PERFORMANCE ON TRAINING DATA------------
INFO:root:             precision    recall  f1-score   support

      False       0.97      0.91      0.94      7590
       True       0.91      0.97      0.94      7590

avg / total       0.94      0.94      0.94     15180

INFO:root:----------PERFORMANCE ON TEST DATA--------------
INFO:root:             precision    recall  f1-score   support

      False       0.31      0.80      0.44      1706
       True       0.93      0.59      0.72      7582

avg / total       0.81      0.63      0.67      9288

INFO:root:============================================================
INFO:root:LogisticRegression on Subject Text with subject features
INFO:root:-------- LogisticRegression via linear_model.LogisticRegression no params  ------------
INFO:root:--------PERFORMANCE ON TRAINING DATA------------
INFO:root:             precision    recall  f1-score   support

      False       0.89      0.83      0.86      7590
       True       0.84      0.90      0.87      7590

avg / total       0.86      0.86      0.86     15180

INFO:root:----------PERFORMANCE ON TEST DATA--------------
INFO:root:             precision    recall  f1-score   support

      False       0.30      0.77      0.43      1706
       True       0.92      0.59      0.72      7582

avg / total       0.81      0.62      0.66      9288

INFO:root:============================================================
INFO:root:LogisticRegression on Email Text with email features
INFO:root:-------- LogisticRegression via linear_model.LogisticRegression no params  ------------
INFO:root:--------PERFORMANCE ON TRAINING DATA------------
INFO:root:             precision    recall  f1-score   support

      False       0.96      0.87      0.92      7590
       True       0.88      0.96      0.92      7590

avg / total       0.92      0.92      0.92     15180

INFO:root:----------PERFORMANCE ON TEST DATA--------------
INFO:root:             precision    recall  f1-score   support

      False       0.31      0.78      0.44      1706
       True       0.93      0.60      0.73      7582

avg / total       0.81      0.64      0.68      9288

INFO:root:============================================================
INFO:root:LogisticRegression on Customer Info with normal features
INFO:root:-------- LogisticRegression via linear_model.LogisticRegression no params  ------------
INFO:root:--------PERFORMANCE ON TRAINING DATA------------
INFO:root:             precision    recall  f1-score   support

      False       0.62      0.23      0.33      7590
       True       0.53      0.86      0.65      7590

avg / total       0.57      0.54      0.49     15180

INFO:root:----------PERFORMANCE ON TEST DATA--------------
INFO:root:             precision    recall  f1-score   support

      False       0.23      0.19      0.21      1706
       True       0.82      0.85      0.84      7582

avg / total       0.71      0.73      0.72      9288

INFO:root:++++++++++++++++++++++++++++++++++++++++++++++++++++++++++++++++++
INFO:root:++++++++++++++++++++++++++++++++++++++++++++++++++++++++++++++++++
INFO:root:++++++++++++++++++++++++++++++++++++++++++++++++++++++++++++++++++
INFO:root:VECTORIZER = HashingVectorizer
INFO:root:STEMMER = RegexpStemmer
INFO:root:++++++++++++++++++++++++++++++++++++++++++++++++++++++++++++++++++
INFO:root:++++++++++++++++++++++++++++++++++++++++++++++++++++++++++++++++++
INFO:root:++++++++++++++++++++++++++++++++++++++++++++++++++++++++++++++++++
INFO:root:All Data Loaded
INFO:root:============================================================
INFO:root:LogisticRegression on ALL Text with both features
INFO:root:-------- LogisticRegression via linear_model.LogisticRegression no params  ------------
INFO:root:--------PERFORMANCE ON TRAINING DATA------------
INFO:root:             precision    recall  f1-score   support

      False       0.94      0.87      0.91      7590
       True       0.88      0.95      0.91      7590

avg / total       0.91      0.91      0.91     15180

INFO:root:----------PERFORMANCE ON TEST DATA--------------
INFO:root:             precision    recall  f1-score   support

      False       0.30      0.80      0.44      1706
       True       0.93      0.59      0.72      7582

avg / total       0.81      0.63      0.67      9288

INFO:root:============================================================
INFO:root:GLogisticRegression on ALL DATA with all features
INFO:root:-------- LogisticRegression via linear_model.LogisticRegression no params  ------------
INFO:root:--------PERFORMANCE ON TRAINING DATA------------
INFO:root:             precision    recall  f1-score   support

      False       0.94      0.87      0.91      7590
       True       0.88      0.95      0.91      7590

avg / total       0.91      0.91      0.91     15180

INFO:root:----------PERFORMANCE ON TEST DATA--------------
INFO:root:             precision    recall  f1-score   support

      False       0.30      0.80      0.44      1706
       True       0.93      0.59      0.72      7582

avg / total       0.81      0.63      0.67      9288

INFO:root:============================================================
INFO:root:LogisticRegression on Subject Text with subject features
INFO:root:-------- LogisticRegression via linear_model.LogisticRegression no params  ------------
INFO:root:--------PERFORMANCE ON TRAINING DATA------------
INFO:root:             precision    recall  f1-score   support

      False       0.86      0.79      0.83      7590
       True       0.81      0.88      0.84      7590

avg / total       0.84      0.83      0.83     15180

INFO:root:----------PERFORMANCE ON TEST DATA--------------
INFO:root:             precision    recall  f1-score   support

      False       0.29      0.75      0.42      1706
       True       0.91      0.59      0.72      7582

avg / total       0.80      0.62      0.66      9288

INFO:root:============================================================
INFO:root:LogisticRegression on Email Text with email features
INFO:root:-------- LogisticRegression via linear_model.LogisticRegression no params  ------------
INFO:root:--------PERFORMANCE ON TRAINING DATA------------
INFO:root:             precision    recall  f1-score   support

      False       0.92      0.83      0.87      7590
       True       0.84      0.93      0.88      7590

avg / total       0.88      0.88      0.88     15180

INFO:root:----------PERFORMANCE ON TEST DATA--------------
INFO:root:             precision    recall  f1-score   support

      False       0.31      0.79      0.44      1706
       True       0.93      0.60      0.73      7582

avg / total       0.81      0.63      0.67      9288

INFO:root:============================================================
INFO:root:LogisticRegression on Customer Info with normal features
INFO:root:-------- LogisticRegression via linear_model.LogisticRegression no params  ------------
INFO:root:--------PERFORMANCE ON TRAINING DATA------------
INFO:root:             precision    recall  f1-score   support

      False       0.62      0.23      0.33      7590
       True       0.53      0.86      0.65      7590

avg / total       0.57      0.54      0.49     15180

INFO:root:----------PERFORMANCE ON TEST DATA--------------
INFO:root:             precision    recall  f1-score   support

      False       0.23      0.19      0.21      1706
       True       0.82      0.85      0.84      7582

avg / total       0.71      0.73      0.72      9288

INFO:root:++++++++++++++++++++++++++++++++++++++++++++++++++++++++++++++++++
INFO:root:++++++++++++++++++++++++++++++++++++++++++++++++++++++++++++++++++
INFO:root:++++++++++++++++++++++++++++++++++++++++++++++++++++++++++++++++++
INFO:root:VECTORIZER = HashingVectorizer
INFO:root:STEMMER = LancasterStemmer
INFO:root:++++++++++++++++++++++++++++++++++++++++++++++++++++++++++++++++++
INFO:root:++++++++++++++++++++++++++++++++++++++++++++++++++++++++++++++++++
INFO:root:++++++++++++++++++++++++++++++++++++++++++++++++++++++++++++++++++
INFO:root:All Data Loaded
INFO:root:============================================================
INFO:root:LogisticRegression on ALL Text with both features
INFO:root:-------- LogisticRegression via linear_model.LogisticRegression no params  ------------
INFO:root:--------PERFORMANCE ON TRAINING DATA------------
INFO:root:             precision    recall  f1-score   support

      False       0.94      0.87      0.90      7590
       True       0.88      0.94      0.91      7590

avg / total       0.91      0.91      0.91     15180

INFO:root:----------PERFORMANCE ON TEST DATA--------------
INFO:root:             precision    recall  f1-score   support

      False       0.31      0.80      0.44      1706
       True       0.93      0.60      0.73      7582

avg / total       0.82      0.63      0.67      9288

INFO:root:============================================================
INFO:root:GLogisticRegression on ALL DATA with all features
INFO:root:-------- LogisticRegression via linear_model.LogisticRegression no params  ------------
INFO:root:--------PERFORMANCE ON TRAINING DATA------------
INFO:root:             precision    recall  f1-score   support

      False       0.94      0.87      0.90      7590
       True       0.88      0.94      0.91      7590

avg / total       0.91      0.91      0.91     15180

INFO:root:----------PERFORMANCE ON TEST DATA--------------
INFO:root:             precision    recall  f1-score   support

      False       0.31      0.80      0.44      1706
       True       0.93      0.60      0.73      7582

avg / total       0.82      0.63      0.67      9288

INFO:root:============================================================
INFO:root:LogisticRegression on Subject Text with subject features
INFO:root:-------- LogisticRegression via linear_model.LogisticRegression no params  ------------
INFO:root:--------PERFORMANCE ON TRAINING DATA------------
INFO:root:             precision    recall  f1-score   support

      False       0.86      0.78      0.82      7590
       True       0.80      0.87      0.84      7590

avg / total       0.83      0.83      0.83     15180

INFO:root:----------PERFORMANCE ON TEST DATA--------------
INFO:root:             precision    recall  f1-score   support

      False       0.30      0.76      0.43      1706
       True       0.92      0.60      0.73      7582

avg / total       0.80      0.63      0.67      9288

INFO:root:============================================================
INFO:root:LogisticRegression on Email Text with email features
INFO:root:-------- LogisticRegression via linear_model.LogisticRegression no params  ------------
INFO:root:--------PERFORMANCE ON TRAINING DATA------------
INFO:root:             precision    recall  f1-score   support

      False       0.91      0.83      0.87      7590
       True       0.84      0.92      0.88      7590

avg / total       0.88      0.87      0.87     15180

INFO:root:----------PERFORMANCE ON TEST DATA--------------
INFO:root:             precision    recall  f1-score   support

      False       0.31      0.79      0.44      1706
       True       0.93      0.60      0.73      7582

avg / total       0.81      0.63      0.68      9288

INFO:root:============================================================
INFO:root:LogisticRegression on Customer Info with normal features
INFO:root:-------- LogisticRegression via linear_model.LogisticRegression no params  ------------
INFO:root:--------PERFORMANCE ON TRAINING DATA------------
INFO:root:             precision    recall  f1-score   support

      False       0.62      0.23      0.33      7590
       True       0.53      0.86      0.65      7590

avg / total       0.57      0.54      0.49     15180

INFO:root:----------PERFORMANCE ON TEST DATA--------------
INFO:root:             precision    recall  f1-score   support

      False       0.23      0.19      0.21      1706
       True       0.82      0.85      0.84      7582

avg / total       0.71      0.73      0.72      9288

INFO:root:++++++++++++++++++++++++++++++++++++++++++++++++++++++++++++++++++
INFO:root:++++++++++++++++++++++++++++++++++++++++++++++++++++++++++++++++++
INFO:root:++++++++++++++++++++++++++++++++++++++++++++++++++++++++++++++++++
INFO:root:VECTORIZER = HashingVectorizer
INFO:root:STEMMER = PorterStemmer
INFO:root:++++++++++++++++++++++++++++++++++++++++++++++++++++++++++++++++++
INFO:root:++++++++++++++++++++++++++++++++++++++++++++++++++++++++++++++++++
INFO:root:++++++++++++++++++++++++++++++++++++++++++++++++++++++++++++++++++
INFO:root:All Data Loaded
INFO:root:============================================================
INFO:root:LogisticRegression on ALL Text with both features
INFO:root:-------- LogisticRegression via linear_model.LogisticRegression no params  ------------
INFO:root:--------PERFORMANCE ON TRAINING DATA------------
INFO:root:             precision    recall  f1-score   support

      False       0.94      0.87      0.90      7590
       True       0.88      0.95      0.91      7590

avg / total       0.91      0.91      0.91     15180

INFO:root:----------PERFORMANCE ON TEST DATA--------------
INFO:root:             precision    recall  f1-score   support

      False       0.30      0.80      0.44      1706
       True       0.93      0.58      0.72      7582

avg / total       0.81      0.62      0.66      9288

INFO:root:============================================================
INFO:root:GLogisticRegression on ALL DATA with all features
INFO:root:-------- LogisticRegression via linear_model.LogisticRegression no params  ------------
INFO:root:--------PERFORMANCE ON TRAINING DATA------------
INFO:root:             precision    recall  f1-score   support

      False       0.94      0.87      0.90      7590
       True       0.88      0.95      0.91      7590

avg / total       0.91      0.91      0.91     15180

INFO:root:----------PERFORMANCE ON TEST DATA--------------
INFO:root:             precision    recall  f1-score   support

      False       0.30      0.80      0.44      1706
       True       0.93      0.58      0.72      7582

avg / total       0.81      0.62      0.66      9288

INFO:root:============================================================
INFO:root:LogisticRegression on Subject Text with subject features
INFO:root:-------- LogisticRegression via linear_model.LogisticRegression no params  ------------
INFO:root:--------PERFORMANCE ON TRAINING DATA------------
INFO:root:             precision    recall  f1-score   support

      False       0.86      0.79      0.82      7590
       True       0.80      0.88      0.84      7590

avg / total       0.83      0.83      0.83     15180

INFO:root:----------PERFORMANCE ON TEST DATA--------------
INFO:root:             precision    recall  f1-score   support

      False       0.30      0.75      0.42      1706
       True       0.91      0.60      0.72      7582

avg / total       0.80      0.62      0.67      9288

INFO:root:============================================================
INFO:root:LogisticRegression on Email Text with email features
INFO:root:-------- LogisticRegression via linear_model.LogisticRegression no params  ------------
INFO:root:--------PERFORMANCE ON TRAINING DATA------------
INFO:root:             precision    recall  f1-score   support

      False       0.92      0.82      0.87      7590
       True       0.84      0.92      0.88      7590

avg / total       0.88      0.87      0.87     15180

INFO:root:----------PERFORMANCE ON TEST DATA--------------
INFO:root:             precision    recall  f1-score   support

      False       0.31      0.79      0.44      1706
       True       0.93      0.60      0.73      7582

avg / total       0.81      0.63      0.67      9288

INFO:root:============================================================
INFO:root:LogisticRegression on Customer Info with normal features
INFO:root:-------- LogisticRegression via linear_model.LogisticRegression no params  ------------
INFO:root:--------PERFORMANCE ON TRAINING DATA------------
INFO:root:             precision    recall  f1-score   support

      False       0.62      0.23      0.33      7590
       True       0.53      0.86      0.65      7590

avg / total       0.57      0.54      0.49     15180

INFO:root:----------PERFORMANCE ON TEST DATA--------------
INFO:root:             precision    recall  f1-score   support

      False       0.23      0.19      0.21      1706
       True       0.82      0.85      0.84      7582

avg / total       0.71      0.73      0.72      9288

